<?xml version="1.0" encoding="UTF-8"?>
<!-- Generated by org.testng.reporters.JUnitReportReporter -->
<testsuite skipped="0" hostname="Joshika" name="org.grouppping.A" tests="3" failures="0" timestamp="04 Nov 2022 19:19:56 GMT" time="0.013" errors="0">
  <testcase name="testA8" time="0.001" classname="org.grouppping.A"/>
  <testcase name="testA9" time="0.000" classname="org.grouppping.A"/>
  <testcase name="testA7" time="0.012" classname="org.grouppping.A"/>
</testsuite> <!-- org.grouppping.A -->
