<?xml version="1.0" encoding="UTF-8"?>
<!-- Generated by org.testng.reporters.JUnitReportReporter -->
<testsuite skipped="0" hostname="Joshika" name="org.parallelll.B" tests="3" failures="0" timestamp="04 Nov 2022 19:37:05 GMT" time="0.020" errors="0">
  <testcase name="testB2" time="0.003" classname="org.parallelll.B"/>
  <testcase name="testB3" time="0.002" classname="org.parallelll.B"/>
  <testcase name="testB1" time="0.015" classname="org.parallelll.B"/>
</testsuite> <!-- org.parallelll.B -->
