<?xml version="1.0" encoding="UTF-8"?>
<!-- Generated by org.testng.reporters.JUnitReportReporter -->
<testsuite skipped="0" hostname="Joshika" name="org.parameters.A" tests="3" failures="0" timestamp="04 Nov 2022 18:15:49 GMT" time="0.010" errors="0">
  <testcase name="testA1" time="0.001" classname="org.parameters.A"/>
  <testcase name="testA2" time="0.009" classname="org.parameters.A"/>
  <testcase name="testA3" time="0.000" classname="org.parameters.A"/>
</testsuite> <!-- org.parameters.A -->
