<?xml version="1.0" encoding="UTF-8"?>
<!-- Generated by org.testng.reporters.JUnitReportReporter -->
<testsuite skipped="1" hostname="Joshika" name="org.sample.Sample" tests="2" failures="0" timestamp="04 Nov 2022 16:42:39 GMT" time="0.010" errors="0">
  <testcase name="test2" time="0.010" classname="org.sample.Sample"/>
  <testcase name="test3" classname="org.sample.Sample">
    <skipped/>
  </testcase> <!-- test3 -->
</testsuite> <!-- org.sample.Sample -->
