<?xml version="1.0" encoding="UTF-8"?>
<!-- Generated by org.testng.reporters.JUnitReportReporter -->
<testsuite skipped="0" hostname="Joshika" name="org.parallelll.A" tests="9" failures="0" timestamp="04 Nov 2022 19:37:05 GMT" time="0.008" errors="0">
  <testcase name="testA4" time="0.002" classname="org.parallelll.A"/>
  <testcase name="testA3" time="0.001" classname="org.parallelll.A"/>
  <testcase name="testA7" time="0.000" classname="org.parallelll.A"/>
  <testcase name="testA9" time="0.001" classname="org.parallelll.A"/>
  <testcase name="testA2" time="0.000" classname="org.parallelll.A"/>
  <testcase name="testA6" time="0.002" classname="org.parallelll.A"/>
  <testcase name="testA1" time="0.001" classname="org.parallelll.A"/>
  <testcase name="testA8" time="0.000" classname="org.parallelll.A"/>
  <testcase name="testA5" time="0.001" classname="org.parallelll.A"/>
</testsuite> <!-- org.parallelll.A -->
