<?xml version="1.0" encoding="UTF-8"?>
<!-- Generated by org.testng.reporters.JUnitReportReporter -->
<testsuite skipped="0" hostname="Joshika" name="org.parallelll.C" tests="3" failures="0" timestamp="04 Nov 2022 19:37:05 GMT" time="0.021" errors="0">
  <testcase name="testC3" time="0.001" classname="org.parallelll.C"/>
  <testcase name="testC2" time="0.001" classname="org.parallelll.C"/>
  <testcase name="testC1" time="0.019" classname="org.parallelll.C"/>
</testsuite> <!-- org.parallelll.C -->
