<?xml version="1.0" encoding="UTF-8"?>
<!-- Generated by org.testng.reporters.JUnitReportReporter -->
<testsuite skipped="0" hostname="Joshika" name="org.testtask.FlipKart" tests="1" failures="0" timestamp="14 Nov 2022 12:32:50 GMT" time="45.424" errors="0">
  <testcase name="testflip" time="45.424" classname="org.testtask.FlipKart"/>
</testsuite> <!-- org.testtask.FlipKart -->
