<?xml version="1.0" encoding="UTF-8"?>
<!-- Generated by org.testng.reporters.JUnitReportReporter -->
<testsuite skipped="0" hostname="Joshika" name="org.adactin.AdactinMainTask" tests="2" failures="0" timestamp="27 Nov 2022 17:39:22 GMT" time="3.723" errors="0">
  <testcase name="TestB" time="2.710" classname="org.adactin.AdactinMainTask"/>
  <testcase name="TestA" time="1.013" classname="org.adactin.AdactinMainTask"/>
</testsuite> <!-- org.adactin.AdactinMainTask -->
