<?xml version="1.0" encoding="UTF-8"?>
<!-- Generated by org.testng.reporters.JUnitReportReporter -->
<testsuite skipped="0" hostname="Joshika" name="org.testblog.LocatorsBlog" tests="1" failures="0" timestamp="27 Nov 2022 14:58:30 GMT" time="23.014" errors="0">
  <testcase name="test1" time="23.014" classname="org.testblog.LocatorsBlog"/>
</testsuite> <!-- org.testblog.LocatorsBlog -->
