<?xml version="1.0" encoding="UTF-8"?>
<!-- Generated by org.testng.reporters.JUnitReportReporter -->
<testsuite skipped="0" hostname="Joshika" name="org.dataproviderss.Facebook2" tests="1" failures="0" timestamp="26 Nov 2022 09:31:07 GMT" time="4.825" errors="0">
  <testcase name="test1" time="4.825" classname="org.dataproviderss.Facebook2"/>
</testsuite> <!-- org.dataproviderss.Facebook2 -->
