<?xml version="1.0" encoding="UTF-8"?>
<!-- Generated by org.testng.reporters.JUnitReportReporter -->
<testsuite skipped="2" hostname="Joshika" name="org.parameters.Facebook" tests="4" failures="0" timestamp="04 Nov 2022 18:15:49 GMT" time="11.023" errors="0">
  <testcase name="test2" time="6.184" classname="org.parameters.Facebook"/>
  <testcase name="test1" time="4.839" classname="org.parameters.Facebook"/>
  <testcase name="test3" classname="org.parameters.Facebook">
    <skipped/>
  </testcase> <!-- test3 -->
  <testcase name="test4" classname="org.parameters.Facebook">
    <skipped/>
  </testcase> <!-- test4 -->
</testsuite> <!-- org.parameters.Facebook -->
